05-05 23:30:59.808[                App.java:27 :INFO ] log4jPath: /Users/wangkai/workspace/java_workspace/batchDeleteFiles/config/log4j.properties
05-05 23:31:00.162[AbstractApplicationContext.java:590:INFO ] Refreshing org.springframework.context.annotation.AnnotationConfigApplicationContext@38364841: startup date [Sat May 05 23:31:00 CST 2018]; root of context hierarchy
05-05 23:31:00.241[AbstractApplicationContext.java:558:WARN ] Exception encountered during context initialization - cancelling refresh attempt: org.springframework.beans.factory.BeanDefinitionStoreException: Failed to parse configuration class [com.w00429015.springConfig.SpringApplictionConfig]; nested exception is java.lang.IllegalArgumentException: Could not resolve placeholder 'appConfigFilePath' in value "file:${appConfigFilePath}/batchDeleteFilesConfig.properties"
05-05 23:33:55.411[                App.java:27 :INFO ] log4jPath: /Users/wangkai/workspace/java_workspace/batchDeleteFiles/config/log4j.properties
05-05 23:33:55.717[AbstractApplicationContext.java:590:INFO ] Refreshing org.springframework.context.annotation.AnnotationConfigApplicationContext@6385cb26: startup date [Sat May 05 23:33:55 CST 2018]; root of context hierarchy
05-05 23:33:55.809[AbstractApplicationContext.java:558:WARN ] Exception encountered during context initialization - cancelling refresh attempt: org.springframework.beans.factory.BeanDefinitionStoreException: Failed to parse configuration class [com.w00429015.springConfig.SpringApplictionConfig]; nested exception is java.io.FileNotFoundException: file:/Users/wangkai/workspace/java_workspace/batchDeleteFiles/config/batchDeleteFilesConfig.properties (No such file or directory)
05-05 23:36:32.489[                App.java:27 :INFO ] log4jPath: /Users/wangkai/workspace/java_workspace/batchDeleteFiles/config/log4j.properties
05-05 23:36:32.810[AbstractApplicationContext.java:590:INFO ] Refreshing org.springframework.context.annotation.AnnotationConfigApplicationContext@6385cb26: startup date [Sat May 05 23:36:32 CST 2018]; root of context hierarchy
05-05 23:36:32.906[AbstractApplicationContext.java:558:WARN ] Exception encountered during context initialization - cancelling refresh attempt: org.springframework.beans.factory.BeanDefinitionStoreException: Failed to parse configuration class [com.w00429015.springConfig.SpringApplictionConfig]; nested exception is java.io.FileNotFoundException: file:/Users/wangkai/workspace/java_workspace/batchDeleteFiles/config/batchDeleteFilesConfig.properties (No such file or directory)
05-05 23:37:05.845[                App.java:27 :INFO ] log4jPath: /Users/wangkai/workspace/java_workspace/batchDeleteFiles/config/log4j.properties
05-05 23:37:06.118[AbstractApplicationContext.java:590:INFO ] Refreshing org.springframework.context.annotation.AnnotationConfigApplicationContext@6385cb26: startup date [Sat May 05 23:37:06 CST 2018]; root of context hierarchy
05-05 23:37:06.267[XmlBeanDefinitionReader.java:316:INFO ] Loading XML bean definitions from class path resource [applicationContext.xml]
05-05 23:37:06.841[                App.java:39 :INFO ] user name: wangkai
05-05 23:37:06.841[                App.java:40 :INFO ] user age: 28
05-05 23:37:28.230[                App.java:27 :INFO ] log4jPath: /Users/wangkai/workspace/java_workspace/batchDeleteFiles/config/log4j.properties
05-05 23:37:28.548[AbstractApplicationContext.java:590:INFO ] Refreshing org.springframework.context.annotation.AnnotationConfigApplicationContext@6385cb26: startup date [Sat May 05 23:37:28 CST 2018]; root of context hierarchy
05-05 23:37:28.719[XmlBeanDefinitionReader.java:316:INFO ] Loading XML bean definitions from class path resource [applicationContext.xml]
05-05 23:37:29.362[                App.java:39 :INFO ] user name: litongxin
05-05 23:37:29.363[                App.java:40 :INFO ] user age: 28
06-18 19:22:03.313[                App.java:28 :INFO ] log4jPath: /Users/wangkai/workspace/batchDeleteFiles/config/log4j.properties
06-18 19:22:03.685[AbstractApplicationContext.java:590:INFO ] Refreshing org.springframework.context.annotation.AnnotationConfigApplicationContext@75828a0f: startup date [Mon Jun 18 19:22:03 CST 2018]; root of context hierarchy
06-18 19:22:03.761[ConfigurationClassParser.java:456:INFO ] Properties location [file:${user.dir}/batchDeleteFilesConfig.properties] not resolvable: /Users/wangkai/workspace/batchDeleteFiles/batchDeleteFilesConfig.properties (No such file or directory)
06-18 19:22:03.829[XmlBeanDefinitionReader.java:316:INFO ] Loading XML bean definitions from class path resource [applicationContext.xml]
06-18 19:22:04.132[AbstractApplicationContext.java:558:WARN ] Exception encountered during context initialization - cancelling refresh attempt: org.springframework.beans.factory.BeanDefinitionStoreException: Invalid bean definition with name 'userBean' defined in class path resource [applicationContext.xml]: Could not resolve placeholder 'author' in value "${author}"; nested exception is java.lang.IllegalArgumentException: Could not resolve placeholder 'author' in value "${author}"
06-18 19:26:31.643[                App.java:28 :INFO ] log4jPath: /Users/wangkai/workspace/batchDeleteFiles/config/log4j.properties
06-18 19:26:31.900[AbstractApplicationContext.java:590:INFO ] Refreshing org.springframework.context.annotation.AnnotationConfigApplicationContext@75828a0f: startup date [Mon Jun 18 19:26:31 CST 2018]; root of context hierarchy
06-18 19:26:31.972[ConfigurationClassParser.java:456:INFO ] Properties location [file:${user.dir}/batchDeleteFilesConfig.properties] not resolvable: /Users/wangkai/workspace/batchDeleteFiles/batchDeleteFilesConfig.properties (No such file or directory)
06-18 19:26:32.074[XmlBeanDefinitionReader.java:316:INFO ] Loading XML bean definitions from class path resource [applicationContext.xml]
06-18 19:26:32.403[AbstractApplicationContext.java:558:WARN ] Exception encountered during context initialization - cancelling refresh attempt: org.springframework.beans.factory.BeanCreationException: Error creating bean with name 'user' defined in file [/Users/wangkai/workspace/batchDeleteFiles/target/classes/com/w00429015/User.class]: Unexpected exception during bean creation; nested exception is java.lang.IllegalArgumentException: Could not resolve placeholder 'name' in value "${name}"
06-18 19:28:20.973[                App.java:28 :INFO ] log4jPath: /Users/wangkai/workspace/batchDeleteFiles/config/log4j.properties
06-18 19:28:21.204[AbstractApplicationContext.java:590:INFO ] Refreshing org.springframework.context.annotation.AnnotationConfigApplicationContext@75828a0f: startup date [Mon Jun 18 19:28:21 CST 2018]; root of context hierarchy
06-18 19:28:21.274[ConfigurationClassParser.java:456:INFO ] Properties location [file:${user.dir}/batchDeleteFilesConfig.properties] not resolvable: /Users/wangkai/workspace/batchDeleteFiles/batchDeleteFilesConfig.properties (No such file or directory)
06-18 19:28:21.348[XmlBeanDefinitionReader.java:316:INFO ] Loading XML bean definitions from class path resource [applicationContext.xml]
06-18 19:28:21.650[AbstractApplicationContext.java:558:WARN ] Exception encountered during context initialization - cancelling refresh attempt: org.springframework.beans.factory.UnsatisfiedDependencyException: Error creating bean with name 'user' defined in file [/Users/wangkai/workspace/batchDeleteFiles/target/classes/com/w00429015/User.class]: Unsatisfied dependency expressed through constructor parameter 0; nested exception is org.springframework.beans.factory.NoSuchBeanDefinitionException: No qualifying bean of type 'java.lang.String' available: expected at least 1 bean which qualifies as autowire candidate. Dependency annotations: {}
06-18 19:30:16.005[                App.java:28 :INFO ] log4jPath: /Users/wangkai/workspace/batchDeleteFiles/config/log4j.properties
06-18 19:30:16.270[AbstractApplicationContext.java:590:INFO ] Refreshing org.springframework.context.annotation.AnnotationConfigApplicationContext@75828a0f: startup date [Mon Jun 18 19:30:16 CST 2018]; root of context hierarchy
06-18 19:30:16.340[ConfigurationClassParser.java:456:INFO ] Properties location [file:${user.dir}/batchDeleteFilesConfig.properties] not resolvable: /Users/wangkai/workspace/batchDeleteFiles/batchDeleteFilesConfig.properties (No such file or directory)
06-18 19:30:16.416[XmlBeanDefinitionReader.java:316:INFO ] Loading XML bean definitions from class path resource [applicationContext.xml]
06-18 19:30:16.782[AbstractApplicationContext.java:558:WARN ] Exception encountered during context initialization - cancelling refresh attempt: org.springframework.beans.factory.BeanCreationException: Error creating bean with name 'baseFileDeleterImpl': Injection of autowired dependencies failed; nested exception is java.lang.IllegalArgumentException: Could not resolve placeholder 'dirPaths' in value "${dirPaths}"
06-18 19:32:09.480[                App.java:28 :INFO ] log4jPath: /Users/wangkai/workspace/batchDeleteFiles/config/log4j.properties
06-18 19:32:09.709[AbstractApplicationContext.java:590:INFO ] Refreshing org.springframework.context.annotation.AnnotationConfigApplicationContext@75828a0f: startup date [Mon Jun 18 19:32:09 CST 2018]; root of context hierarchy
06-18 19:32:09.843[XmlBeanDefinitionReader.java:316:INFO ] Loading XML bean definitions from class path resource [applicationContext.xml]
06-18 19:35:19.501[                App.java:28 :INFO ] log4jPath: /Users/wangkai/workspace/batchDeleteFiles/config/log4j.properties
06-18 19:35:19.762[AbstractApplicationContext.java:590:INFO ] Refreshing org.springframework.context.annotation.AnnotationConfigApplicationContext@75828a0f: startup date [Mon Jun 18 19:35:19 CST 2018]; root of context hierarchy
06-18 19:35:19.920[XmlBeanDefinitionReader.java:316:INFO ] Loading XML bean definitions from class path resource [applicationContext.xml]
